#
# A fatal error has been detected by the Java Runtime Environment:
#
#  SIGBUS (0xa) at pc=0x00000001060dbc60, pid=5734, tid=0x0000000000005b03
#
# JRE version: Java(TM) SE Runtime Environment (8.0_152-b16) (build 1.8.0_152-b16)
# Java VM: Java HotSpot(TM) 64-Bit Server VM (25.152-b16 mixed mode bsd-amd64 compressed oops)
# Problematic frame:
# V  [libjvm.dylib+0xdbc60]  acs_CopyRight+0x52
#
# Failed to write core dump. Core dumps have been disabled. To enable core dumping, try "ulimit -c unlimited" before starting Java again
#
# If you would like to submit a bug report, please visit:
#   http://bugreport.java.com/bugreport/crash.jsp
#

---------------  T H R E A D  ---------------

Current thread (0x00007f8575802000):  JavaThread "Thread-1" [_thread_in_vm, id=23299, stack(0x000070000311e000,0x000070000321e000)]

siginfo: si_signo: 10 (SIGBUS), si_code: 2 (BUS_ADRERR), si_addr: 0x0000000124bf8000

Registers:
RAX=0x0000000124c07dd0, RBX=0x0000000000000010, RCX=0x000000076b1e3ad8, RDX=0xffffffffffffe049
RSP=0x000070000321d378, RBP=0x000070000321d3c0, RSI=0x000000076b1d3d08, RDI=0x0000000124bf8000
R8 =0x0000000000007eef, R9 =0x0000000000000010, R10=0x000000010dc0f9c8, R11=0x00000001064e754b
R12=0x0000000000000000, R13=0x00007f8575802000, R14=0x000070000321d498, R15=0x0000000124bf8000
RIP=0x00000001060dbc60, EFLAGS=0x0000000000010282, ERR=0x0000000000000004
  TRAPNO=0x000000000000000e

Top of Stack: (sp=0x000070000321d378)
0x000070000321d378:   0000000106585cc1 00007f8575802000
0x000070000321d388:   00007f8575802000 00007f8575802000
0x000070000321d398:   0000000108941f38 0000000000000000
0x000070000321d3a8:   0000000108941f38 000070000321d4b8
0x000070000321d3b8:   00007f8575802000 000070000321d458
0x000070000321d3c8:   000000010dc0f9f4 000000000000fdde
0x000070000321d3d8:   00000001062e8b87 00007f8575802000
0x000070000321d3e8:   00007f8575802000 0000000108941f38
0x000070000321d3f8:   000070000321d4b8 000070000321d458
0x000070000321d408:   000000010dc0f787 000000010dc0f742
0x000070000321d418:   000070000321d418 0000000108941f38
0x000070000321d428:   000070000321d4b8 000000010896f378
0x000070000321d438:   0000000000000000 0000000108941f38
0x000070000321d448:   0000000000000000 000070000321d478
0x000070000321d458:   000070000321d500 000000010dc002bd
0x000070000321d468:   0000000000000000 000000010dc09538
0x000070000321d478:   000000000000fdde 00007f8575802000
0x000070000321d488:   0000000000000010 0000000108a22640
0x000070000321d498:   000000076b1d3cf8 0000000124bf8000
0x000070000321d4a8:   000000010dc0ae39 0000000000000000
0x000070000321d4b8:   000000076ab089a0 000070000321d4c0
0x000070000321d4c8:   0000000108a22612 000070000321d570
0x000070000321d4d8:   0000000108a22ea0 0000000000000000
0x000070000321d4e8:   0000000108a22640 000070000321d478
0x000070000321d4f8:   000070000321d530 000070000321d5b8
0x000070000321d508:   000000010dc002bd 000000000000fdde
0x000070000321d518:   0000000000000000 0000000000000010
0x000070000321d528:   0000000000000000 000000000000fdde
0x000070000321d538:   00007f8575802000 0000000000000000
0x000070000321d548:   000000010dc1a7f6 0000000000000010
0x000070000321d558:   000000010dc1a7bf 000000076b1d3cf8
0x000070000321d568:   0000000124bf8000 000000076b1ac668 

Instructions: (pc=0x00000001060dbc60)
0x00000001060dbc40:   49 f7 c0 01 00 00 00 74 0a 66 42 8b 74 47 fe 66
0x00000001060dbc50:   89 71 08 c3 66 0f 1f 44 00 00 66 0f 1f 44 00 00
0x00000001060dbc60:   48 8b 74 d0 e8 48 89 74 d1 e8 48 8b 74 d0 f0 48
0x00000001060dbc70:   89 74 d1 f0 48 8b 74 d0 f8 48 89 74 d1 f8 48 8b 

Register to memory mapping:

RAX=0x0000000124c07dd0 is an unknown value
RBX=0x0000000000000010 is an unknown value
RCX=0x000000076b1e3ad8 is an oop
